android/app/build/intermediates/manifest_merge_blame_file/debug/processDebugMainManifest/manifest-merger-blame-debug-report.txt
1<?xml version="1.0" encoding="utf-8"?>
2<manifest xmlns:android="http://schemas.android.com/apk/res/android"
3    package="com.crmmobile"
4    android:versionCode="1"
5    android:versionName="1.0" >
6
7    <uses-sdk
7-->INJECTED
8        android:minSdkVersion="24"
8-->INJECTED
9        android:targetSdkVersion="36" />
9-->INJECTED
10
11    <uses-permission android:name="android.permission.INTERNET" />
11-->src/main/AndroidManifest.xml:3:5-67
11-->src/main/AndroidManifest.xml:3:22-64
12    <uses-permission android:name="android.permission.ACCESS_NETWORK_STATE" />
12-->src/main/AndroidManifest.xml:4:5-79
12-->src/main/AndroidManifest.xml:4:22-76
13    <!--
14         §7.2: paired per Android 12+ convention; requested at runtime on first
15         Visit Planner open, not at install/startup (NFR-PM-01/03).
16    -->
17    <uses-permission android:name="android.permission.ACCESS_FINE_LOCATION" />
17-->src/main/AndroidManifest.xml:7:5-79
17-->src/main/AndroidManifest.xml:7:22-76
18    <uses-permission android:name="android.permission.ACCESS_COARSE_LOCATION" />
18-->src/main/AndroidManifest.xml:8:5-81
18-->src/main/AndroidManifest.xml:8:22-78
19    <uses-permission android:name="android.permission.CAMERA" />
19-->src/main/AndroidManifest.xml:9:5-65
19-->src/main/AndroidManifest.xml:9:22-62
20    <uses-permission android:name="android.permission.WRITE_EXTERNAL_STORAGE" />
20-->[:dr.pogodin_react-native-fs] AndroidManifest.xml:7:5-81
20-->[:dr.pogodin_react-native-fs] AndroidManifest.xml:7:22-78
21    <uses-permission android:name="android.permission.READ_EXTERNAL_STORAGE" />
22    <uses-permission android:name="android.permission.USE_BIOMETRIC" />
22-->[:react-native-keychain] AndroidManifest.xml:10:5-72
22-->[:react-native-keychain] AndroidManifest.xml:10:22-69
23    <uses-permission android:name="android.permission.USE_FINGERPRINT" />
23-->[:react-native-keychain] AndroidManifest.xml:11:5-74
23-->[:react-native-keychain] AndroidManifest.xml:11:22-71
24    <uses-permission android:name="android.permission.FOREGROUND_SERVICE" />
24-->[:react-native-nitro-geolocation] AndroidManifest.xml:7:5-77
24-->[:react-native-nitro-geolocation] AndroidManifest.xml:7:22-74
25    <uses-permission android:name="android.permission.FOREGROUND_SERVICE_LOCATION" />
25-->[:react-native-nitro-geolocation] AndroidManifest.xml:8:5-86
25-->[:react-native-nitro-geolocation] AndroidManifest.xml:8:22-83
26    <uses-permission android:name="android.permission.RECEIVE_BOOT_COMPLETED" />
26-->[:react-native-nitro-geolocation] AndroidManifest.xml:9:5-81
26-->[:react-native-nitro-geolocation] AndroidManifest.xml:9:22-78
27    <uses-permission android:name="android.permission.ACTIVITY_RECOGNITION" />
27-->[:react-native-nitro-geolocation] AndroidManifest.xml:10:5-79
27-->[:react-native-nitro-geolocation] AndroidManifest.xml:10:22-76
28    <uses-permission android:name="android.permission.WAKE_LOCK" />
28-->[:react-native-nitro-geolocation] AndroidManifest.xml:11:5-68
28-->[:react-native-nitro-geolocation] AndroidManifest.xml:11:22-65
29
30    <uses-feature
30-->[:react-native-vision-camera] AndroidManifest.xml:7:5-9:36
31        android:name="android.hardware.camera"
31-->[:react-native-vision-camera] AndroidManifest.xml:8:9-47
32        android:required="false" />
32-->[:react-native-vision-camera] AndroidManifest.xml:9:9-33
33    <uses-feature
33-->[:react-native-vision-camera] AndroidManifest.xml:10:5-12:36
34        android:name="android.hardware.microphone"
34-->[:react-native-vision-camera] AndroidManifest.xml:11:9-51
35        android:required="false" />
35-->[:react-native-vision-camera] AndroidManifest.xml:12:9-33
36
37    <uses-permission android:name="android.permission.ACCESS_WIFI_STATE" />
37-->[:react-native-community_netinfo] AndroidManifest.xml:8:5-76
37-->[:react-native-community_netinfo] AndroidManifest.xml:8:22-73
38    <!--
39    This manifest file is used only by Gradle to configure debug-only capabilities
40    for React Native Apps.
41    -->
42    <uses-permission android:name="android.permission.SYSTEM_ALERT_WINDOW" />
42-->[com.facebook.react:react-android:0.87.0] AndroidManifest.xml:16:5-78
42-->[com.facebook.react:react-android:0.87.0] AndroidManifest.xml:16:22-75
43    <!--
44    On Android 17 (SDK 37) devices, apps that declare this must hold ACCESS_LOCAL_NETWORK
45    to reach the dev server over the local network. Loopback via `adb reverse` is exempt.
46    -->
47    <uses-permission android:name="android.permission.ACCESS_LOCAL_NETWORK" />
47-->[com.facebook.react:react-android:0.87.0] AndroidManifest.xml:22:5-79
47-->[com.facebook.react:react-android:0.87.0] AndroidManifest.xml:22:22-76
48
49    <queries>
49-->[androidx.camera:camera-extensions:1.7.0-alpha02] AndroidManifest.xml:22:5-26:15
50        <intent>
50-->[androidx.camera:camera-extensions:1.7.0-alpha02] AndroidManifest.xml:23:9-25:18
51            <action android:name="androidx.camera.extensions.action.VENDOR_ACTION" />
51-->[androidx.camera:camera-extensions:1.7.0-alpha02] AndroidManifest.xml:24:13-86
51-->[androidx.camera:camera-extensions:1.7.0-alpha02] AndroidManifest.xml:24:21-83
52        </intent>
53        <!-- Needs to be explicitly declared on Android R+ -->
54        <package android:name="com.google.android.apps.maps" />
54-->[com.google.android.gms:play-services-maps:19.1.0] AndroidManifest.xml:29:7-61
54-->[com.google.android.gms:play-services-maps:19.1.0] AndroidManifest.xml:29:16-59
55    </queries>
56
57    <uses-feature
57-->[com.google.android.gms:play-services-maps:19.1.0] AndroidManifest.xml:22:5-24:33
58        android:glEsVersion="0x00020000"
58-->[com.google.android.gms:play-services-maps:19.1.0] AndroidManifest.xml:23:8-40
59        android:required="true" />
59-->[com.google.android.gms:play-services-maps:19.1.0] AndroidManifest.xml:24:8-31
60
61    <permission
61-->[androidx.core:core:1.17.0] AndroidManifest.xml:22:5-24:47
62        android:name="com.crmmobile.DYNAMIC_RECEIVER_NOT_EXPORTED_PERMISSION"
62-->[androidx.core:core:1.17.0] AndroidManifest.xml:23:9-81
63        android:protectionLevel="signature" />
63-->[androidx.core:core:1.17.0] AndroidManifest.xml:24:9-44
64
65    <uses-permission android:name="com.crmmobile.DYNAMIC_RECEIVER_NOT_EXPORTED_PERMISSION" />
65-->[androidx.core:core:1.17.0] AndroidManifest.xml:26:5-97
65-->[androidx.core:core:1.17.0] AndroidManifest.xml:26:22-94
66
67    <application
67-->INJECTED
68        android:name="com.crmmobile.MainApplication"
68-->src/main/AndroidManifest.xml:12:7-38
69        android:allowBackup="false"
69-->src/main/AndroidManifest.xml:16:7-34
70        android:appComponentFactory="androidx.core.app.CoreComponentFactory"
70-->[androidx.core:core:1.17.0] AndroidManifest.xml:28:18-86
71        android:debuggable="true"
72        android:extractNativeLibs="false"
72-->INJECTED
73        android:icon="@mipmap/ic_launcher"
73-->src/main/AndroidManifest.xml:14:7-41
74        android:label="@string/app_name"
74-->src/main/AndroidManifest.xml:13:7-39
75        android:roundIcon="@mipmap/ic_launcher_round"
75-->src/main/AndroidManifest.xml:15:7-52
76        android:supportsRtl="true"
76-->src/main/AndroidManifest.xml:19:7-33
77        android:theme="@style/AppTheme"
77-->src/main/AndroidManifest.xml:17:7-38
78        android:usesCleartextTraffic="true" >
78-->INJECTED
79        <meta-data
79-->INJECTED
80            android:name="com.google.android.geo.API_KEY"
80-->src/main/AndroidManifest.xml:21:9-54
81            android:value="AIzaSyAPXLujxfhylWITdkFYL-wyk6b_uKN0jhI" />
81-->INJECTED
82
83        <activity
83-->src/main/AndroidManifest.xml:23:7-34:18
84            android:name="com.crmmobile.MainActivity"
84-->src/main/AndroidManifest.xml:24:9-37
85            android:configChanges="keyboard|keyboardHidden|orientation|screenLayout|screenSize|smallestScreenSize|uiMode"
85-->src/main/AndroidManifest.xml:26:9-118
86            android:exported="true"
86-->src/main/AndroidManifest.xml:29:9-32
87            android:label="@string/app_name"
87-->src/main/AndroidManifest.xml:25:9-41
88            android:launchMode="singleTask"
88-->src/main/AndroidManifest.xml:27:9-40
89            android:windowSoftInputMode="adjustResize" >
89-->src/main/AndroidManifest.xml:28:9-51
90            <intent-filter>
90-->src/main/AndroidManifest.xml:30:9-33:25
91                <action android:name="android.intent.action.MAIN" />
91-->src/main/AndroidManifest.xml:31:13-65
91-->src/main/AndroidManifest.xml:31:21-62
92
93                <category android:name="android.intent.category.LAUNCHER" />
93-->src/main/AndroidManifest.xml:32:13-73
93-->src/main/AndroidManifest.xml:32:23-70
94            </intent-filter>
95        </activity>
96
97        <service
97-->[:react-native-nitro-geolocation] AndroidManifest.xml:14:9-17:56
98            android:name="com.margelo.nitro.nitrogeolocation.background.NitroBackgroundLocationService"
98-->[:react-native-nitro-geolocation] AndroidManifest.xml:15:13-104
99            android:exported="false"
99-->[:react-native-nitro-geolocation] AndroidManifest.xml:16:13-37
100            android:foregroundServiceType="location" />
100-->[:react-native-nitro-geolocation] AndroidManifest.xml:17:13-53
101        <service
101-->[:react-native-nitro-geolocation] AndroidManifest.xml:18:9-20:40
102            android:name="com.margelo.nitro.nitrogeolocation.background.NitroBackgroundHeadlessTaskService"
102-->[:react-native-nitro-geolocation] AndroidManifest.xml:19:13-108
103            android:exported="false" />
103-->[:react-native-nitro-geolocation] AndroidManifest.xml:20:13-37
104
105        <receiver
105-->[:react-native-nitro-geolocation] AndroidManifest.xml:22:9-24:40
106            android:name="com.margelo.nitro.nitrogeolocation.background.NitroLocationUpdateReceiver"
106-->[:react-native-nitro-geolocation] AndroidManifest.xml:23:13-101
107            android:exported="false" />
107-->[:react-native-nitro-geolocation] AndroidManifest.xml:24:13-37
108        <receiver
108-->[:react-native-nitro-geolocation] AndroidManifest.xml:25:9-27:40
109            android:name="com.margelo.nitro.nitrogeolocation.background.NitroGeofenceReceiver"
109-->[:react-native-nitro-geolocation] AndroidManifest.xml:26:13-95
110            android:exported="false" />
110-->[:react-native-nitro-geolocation] AndroidManifest.xml:27:13-37
111        <receiver
111-->[:react-native-nitro-geolocation] AndroidManifest.xml:28:9-30:40
112            android:name="com.margelo.nitro.nitrogeolocation.background.NitroActivityRecognitionReceiver"
112-->[:react-native-nitro-geolocation] AndroidManifest.xml:29:13-106
113            android:exported="false" />
113-->[:react-native-nitro-geolocation] AndroidManifest.xml:30:13-37
114        <receiver
114-->[:react-native-nitro-geolocation] AndroidManifest.xml:31:9-40:20
115            android:name="com.margelo.nitro.nitrogeolocation.background.NitroBootReceiver"
115-->[:react-native-nitro-geolocation] AndroidManifest.xml:32:13-91
116            android:enabled="true"
116-->[:react-native-nitro-geolocation] AndroidManifest.xml:33:13-35
117            android:exported="true"
117-->[:react-native-nitro-geolocation] AndroidManifest.xml:34:13-36
118            android:permission="android.permission.RECEIVE_BOOT_COMPLETED" >
118-->[:react-native-nitro-geolocation] AndroidManifest.xml:35:13-75
119            <intent-filter>
119-->[:react-native-nitro-geolocation] AndroidManifest.xml:36:13-39:29
120                <action android:name="android.intent.action.BOOT_COMPLETED" />
120-->[:react-native-nitro-geolocation] AndroidManifest.xml:37:17-79
120-->[:react-native-nitro-geolocation] AndroidManifest.xml:37:25-76
121                <action android:name="android.intent.action.LOCKED_BOOT_COMPLETED" />
121-->[:react-native-nitro-geolocation] AndroidManifest.xml:38:17-86
121-->[:react-native-nitro-geolocation] AndroidManifest.xml:38:25-83
122            </intent-filter>
123        </receiver>
124
125        <activity
125-->[com.facebook.react:react-android:0.87.0] AndroidManifest.xml:25:9-27:40
126            android:name="com.facebook.react.devsupport.DevSettingsActivity"
126-->[com.facebook.react:react-android:0.87.0] AndroidManifest.xml:26:13-77
127            android:exported="false" />
127-->[com.facebook.react:react-android:0.87.0] AndroidManifest.xml:27:13-37
128
129        <provider
129-->[androidx.work:work-runtime:2.9.1] AndroidManifest.xml:29:9-37:20
130            android:name="androidx.startup.InitializationProvider"
130-->[androidx.work:work-runtime:2.9.1] AndroidManifest.xml:30:13-67
131            android:authorities="com.crmmobile.androidx-startup"
131-->[androidx.work:work-runtime:2.9.1] AndroidManifest.xml:31:13-68
132            android:exported="false" >
132-->[androidx.work:work-runtime:2.9.1] AndroidManifest.xml:32:13-37
133            <meta-data
133-->[androidx.work:work-runtime:2.9.1] AndroidManifest.xml:34:13-36:52
134                android:name="androidx.work.WorkManagerInitializer"
134-->[androidx.work:work-runtime:2.9.1] AndroidManifest.xml:35:17-68
135                android:value="androidx.startup" />
135-->[androidx.work:work-runtime:2.9.1] AndroidManifest.xml:36:17-49
136            <meta-data
136-->[androidx.emoji2:emoji2:1.3.0] AndroidManifest.xml:29:13-31:52
137                android:name="androidx.emoji2.text.EmojiCompatInitializer"
137-->[androidx.emoji2:emoji2:1.3.0] AndroidManifest.xml:30:17-75
138                android:value="androidx.startup" />
138-->[androidx.emoji2:emoji2:1.3.0] AndroidManifest.xml:31:17-49
139            <meta-data
139-->[androidx.lifecycle:lifecycle-process:2.6.2] AndroidManifest.xml:29:13-31:52
140                android:name="androidx.lifecycle.ProcessLifecycleInitializer"
140-->[androidx.lifecycle:lifecycle-process:2.6.2] AndroidManifest.xml:30:17-78
141                android:value="androidx.startup" />
141-->[androidx.lifecycle:lifecycle-process:2.6.2] AndroidManifest.xml:31:17-49
142            <meta-data
142-->[androidx.profileinstaller:profileinstaller:1.3.1] AndroidManifest.xml:29:13-31:52
143                android:name="androidx.profileinstaller.ProfileInstallerInitializer"
143-->[androidx.profileinstaller:profileinstaller:1.3.1] AndroidManifest.xml:30:17-85
144                android:value="androidx.startup" />
144-->[androidx.profileinstaller:profileinstaller:1.3.1] AndroidManifest.xml:31:17-49
145        </provider>
146
147        <service
147-->[androidx.work:work-runtime:2.9.1] AndroidManifest.xml:39:9-45:35
148            android:name="androidx.work.impl.background.systemalarm.SystemAlarmService"
148-->[androidx.work:work-runtime:2.9.1] AndroidManifest.xml:40:13-88
149            android:directBootAware="false"
149-->[androidx.work:work-runtime:2.9.1] AndroidManifest.xml:41:13-44
150            android:enabled="@bool/enable_system_alarm_service_default"
150-->[androidx.work:work-runtime:2.9.1] AndroidManifest.xml:42:13-72
151            android:exported="false" />
151-->[androidx.work:work-runtime:2.9.1] AndroidManifest.xml:43:13-37
152        <service
152-->[androidx.work:work-runtime:2.9.1] AndroidManifest.xml:46:9-52:35
153            android:name="androidx.work.impl.background.systemjob.SystemJobService"
153-->[androidx.work:work-runtime:2.9.1] AndroidManifest.xml:47:13-84
154            android:directBootAware="false"
154-->[androidx.work:work-runtime:2.9.1] AndroidManifest.xml:48:13-44
155            android:enabled="@bool/enable_system_job_service_default"
155-->[androidx.work:work-runtime:2.9.1] AndroidManifest.xml:49:13-70
156            android:exported="true"
156-->[androidx.work:work-runtime:2.9.1] AndroidManifest.xml:50:13-36
157            android:permission="android.permission.BIND_JOB_SERVICE" />
157-->[androidx.work:work-runtime:2.9.1] AndroidManifest.xml:51:13-69
158        <service
158-->[androidx.work:work-runtime:2.9.1] AndroidManifest.xml:53:9-59:35
159            android:name="androidx.work.impl.foreground.SystemForegroundService"
159-->[androidx.work:work-runtime:2.9.1] AndroidManifest.xml:54:13-81
160            android:directBootAware="false"
160-->[androidx.work:work-runtime:2.9.1] AndroidManifest.xml:55:13-44
161            android:enabled="@bool/enable_system_foreground_service_default"
161-->[androidx.work:work-runtime:2.9.1] AndroidManifest.xml:56:13-77
162            android:exported="false" />
162-->[androidx.work:work-runtime:2.9.1] AndroidManifest.xml:57:13-37
163
164        <receiver
164-->[androidx.work:work-runtime:2.9.1] AndroidManifest.xml:61:9-66:35
165            android:name="androidx.work.impl.utils.ForceStopRunnable$BroadcastReceiver"
165-->[androidx.work:work-runtime:2.9.1] AndroidManifest.xml:62:13-88
166            android:directBootAware="false"
166-->[androidx.work:work-runtime:2.9.1] AndroidManifest.xml:63:13-44
167            android:enabled="true"
167-->[androidx.work:work-runtime:2.9.1] AndroidManifest.xml:64:13-35
168            android:exported="false" />
168-->[androidx.work:work-runtime:2.9.1] AndroidManifest.xml:65:13-37
169        <receiver
169-->[androidx.work:work-runtime:2.9.1] AndroidManifest.xml:67:9-77:20
170            android:name="androidx.work.impl.background.systemalarm.ConstraintProxy$BatteryChargingProxy"
170-->[androidx.work:work-runtime:2.9.1] AndroidManifest.xml:68:13-106
171            android:directBootAware="false"
171-->[androidx.work:work-runtime:2.9.1] AndroidManifest.xml:69:13-44
172            android:enabled="false"
172-->[androidx.work:work-runtime:2.9.1] AndroidManifest.xml:70:13-36
173            android:exported="false" >
173-->[androidx.work:work-runtime:2.9.1] AndroidManifest.xml:71:13-37
174            <intent-filter>
174-->[androidx.work:work-runtime:2.9.1] AndroidManifest.xml:73:13-76:29
175                <action android:name="android.intent.action.ACTION_POWER_CONNECTED" />
175-->[androidx.work:work-runtime:2.9.1] AndroidManifest.xml:74:17-87
175-->[androidx.work:work-runtime:2.9.1] AndroidManifest.xml:74:25-84
176                <action android:name="android.intent.action.ACTION_POWER_DISCONNECTED" />
176-->[androidx.work:work-runtime:2.9.1] AndroidManifest.xml:75:17-90
176-->[androidx.work:work-runtime:2.9.1] AndroidManifest.xml:75:25-87
177            </intent-filter>
178        </receiver>
179        <receiver
179-->[androidx.work:work-runtime:2.9.1] AndroidManifest.xml:78:9-88:20
180            android:name="androidx.work.impl.background.systemalarm.ConstraintProxy$BatteryNotLowProxy"
180-->[androidx.work:work-runtime:2.9.1] AndroidManifest.xml:79:13-104
181            android:directBootAware="false"
181-->[androidx.work:work-runtime:2.9.1] AndroidManifest.xml:80:13-44
182            android:enabled="false"
182-->[androidx.work:work-runtime:2.9.1] AndroidManifest.xml:81:13-36
183            android:exported="false" >
183-->[androidx.work:work-runtime:2.9.1] AndroidManifest.xml:82:13-37
184            <intent-filter>
184-->[androidx.work:work-runtime:2.9.1] AndroidManifest.xml:84:13-87:29
185                <action android:name="android.intent.action.BATTERY_OKAY" />
185-->[androidx.work:work-runtime:2.9.1] AndroidManifest.xml:85:17-77
185-->[androidx.work:work-runtime:2.9.1] AndroidManifest.xml:85:25-74
186                <action android:name="android.intent.action.BATTERY_LOW" />
186-->[androidx.work:work-runtime:2.9.1] AndroidManifest.xml:86:17-76
186-->[androidx.work:work-runtime:2.9.1] AndroidManifest.xml:86:25-73
187            </intent-filter>
188        </receiver>
189        <receiver
189-->[androidx.work:work-runtime:2.9.1] AndroidManifest.xml:89:9-99:20
190            android:name="androidx.work.impl.background.systemalarm.ConstraintProxy$StorageNotLowProxy"
190-->[androidx.work:work-runtime:2.9.1] AndroidManifest.xml:90:13-104
191            android:directBootAware="false"
191-->[androidx.work:work-runtime:2.9.1] AndroidManifest.xml:91:13-44
192            android:enabled="false"
192-->[androidx.work:work-runtime:2.9.1] AndroidManifest.xml:92:13-36
193            android:exported="false" >
193-->[androidx.work:work-runtime:2.9.1] AndroidManifest.xml:93:13-37
194            <intent-filter>
194-->[androidx.work:work-runtime:2.9.1] AndroidManifest.xml:95:13-98:29
195                <action android:name="android.intent.action.DEVICE_STORAGE_LOW" />
195-->[androidx.work:work-runtime:2.9.1] AndroidManifest.xml:96:17-83
195-->[androidx.work:work-runtime:2.9.1] AndroidManifest.xml:96:25-80
196                <action android:name="android.intent.action.DEVICE_STORAGE_OK" />
196-->[androidx.work:work-runtime:2.9.1] AndroidManifest.xml:97:17-82
196-->[androidx.work:work-runtime:2.9.1] AndroidManifest.xml:97:25-79
197            </intent-filter>
198        </receiver>
199        <receiver
199-->[androidx.work:work-runtime:2.9.1] AndroidManifest.xml:100:9-109:20
200            android:name="androidx.work.impl.background.systemalarm.ConstraintProxy$NetworkStateProxy"
200-->[androidx.work:work-runtime:2.9.1] AndroidManifest.xml:101:13-103
201            android:directBootAware="false"
201-->[androidx.work:work-runtime:2.9.1] AndroidManifest.xml:102:13-44
202            android:enabled="false"
202-->[androidx.work:work-runtime:2.9.1] AndroidManifest.xml:103:13-36
203            android:exported="false" >
203-->[androidx.work:work-runtime:2.9.1] AndroidManifest.xml:104:13-37
204            <intent-filter>
204-->[androidx.work:work-runtime:2.9.1] AndroidManifest.xml:106:13-108:29
205                <action android:name="android.net.conn.CONNECTIVITY_CHANGE" />
205-->[androidx.work:work-runtime:2.9.1] AndroidManifest.xml:107:17-79
205-->[androidx.work:work-runtime:2.9.1] AndroidManifest.xml:107:25-76
206            </intent-filter>
207        </receiver>
208        <receiver
208-->[androidx.work:work-runtime:2.9.1] AndroidManifest.xml:110:9-121:20
209            android:name="androidx.work.impl.background.systemalarm.RescheduleReceiver"
209-->[androidx.work:work-runtime:2.9.1] AndroidManifest.xml:111:13-88
210            android:directBootAware="false"
210-->[androidx.work:work-runtime:2.9.1] AndroidManifest.xml:112:13-44
211            android:enabled="false"
211-->[androidx.work:work-runtime:2.9.1] AndroidManifest.xml:113:13-36
212            android:exported="false" >
212-->[androidx.work:work-runtime:2.9.1] AndroidManifest.xml:114:13-37
213            <intent-filter>
213-->[androidx.work:work-runtime:2.9.1] AndroidManifest.xml:116:13-120:29
214                <action android:name="android.intent.action.BOOT_COMPLETED" />
214-->[:react-native-nitro-geolocation] AndroidManifest.xml:37:17-79
214-->[:react-native-nitro-geolocation] AndroidManifest.xml:37:25-76
215                <action android:name="android.intent.action.TIME_SET" />
215-->[androidx.work:work-runtime:2.9.1] AndroidManifest.xml:118:17-73
215-->[androidx.work:work-runtime:2.9.1] AndroidManifest.xml:118:25-70
216                <action android:name="android.intent.action.TIMEZONE_CHANGED" />
216-->[androidx.work:work-runtime:2.9.1] AndroidManifest.xml:119:17-81
216-->[androidx.work:work-runtime:2.9.1] AndroidManifest.xml:119:25-78
217            </intent-filter>
218        </receiver>
219        <receiver
219-->[androidx.work:work-runtime:2.9.1] AndroidManifest.xml:122:9-131:20
220            android:name="androidx.work.impl.background.systemalarm.ConstraintProxyUpdateReceiver"
220-->[androidx.work:work-runtime:2.9.1] AndroidManifest.xml:123:13-99
221            android:directBootAware="false"
221-->[androidx.work:work-runtime:2.9.1] AndroidManifest.xml:124:13-44
222            android:enabled="@bool/enable_system_alarm_service_default"
222-->[androidx.work:work-runtime:2.9.1] AndroidManifest.xml:125:13-72
223            android:exported="false" >
223-->[androidx.work:work-runtime:2.9.1] AndroidManifest.xml:126:13-37
224            <intent-filter>
224-->[androidx.work:work-runtime:2.9.1] AndroidManifest.xml:128:13-130:29
225                <action android:name="androidx.work.impl.background.systemalarm.UpdateProxies" />
225-->[androidx.work:work-runtime:2.9.1] AndroidManifest.xml:129:17-98
225-->[androidx.work:work-runtime:2.9.1] AndroidManifest.xml:129:25-95
226            </intent-filter>
227        </receiver>
228        <receiver
228-->[androidx.work:work-runtime:2.9.1] AndroidManifest.xml:132:9-142:20
229            android:name="androidx.work.impl.diagnostics.DiagnosticsReceiver"
229-->[androidx.work:work-runtime:2.9.1] AndroidManifest.xml:133:13-78
230            android:directBootAware="false"
230-->[androidx.work:work-runtime:2.9.1] AndroidManifest.xml:134:13-44
231            android:enabled="true"
231-->[androidx.work:work-runtime:2.9.1] AndroidManifest.xml:135:13-35
232            android:exported="true"
232-->[androidx.work:work-runtime:2.9.1] AndroidManifest.xml:136:13-36
233            android:permission="android.permission.DUMP" >
233-->[androidx.work:work-runtime:2.9.1] AndroidManifest.xml:137:13-57
234            <intent-filter>
234-->[androidx.work:work-runtime:2.9.1] AndroidManifest.xml:139:13-141:29
235                <action android:name="androidx.work.diagnostics.REQUEST_DIAGNOSTICS" />
235-->[androidx.work:work-runtime:2.9.1] AndroidManifest.xml:140:17-88
235-->[androidx.work:work-runtime:2.9.1] AndroidManifest.xml:140:25-85
236            </intent-filter>
237        </receiver>
238
239        <meta-data
239-->[com.google.maps.android:android-maps-utils:3.10.0] AndroidManifest.xml:23:9-25:69
240            android:name="com.google.android.gms.version"
240-->[com.google.maps.android:android-maps-utils:3.10.0] AndroidManifest.xml:24:13-58
241            android:value="@integer/google_play_services_version" />
241-->[com.google.maps.android:android-maps-utils:3.10.0] AndroidManifest.xml:25:13-66
242
243        <uses-library
243-->[androidx.camera:camera-extensions:1.7.0-alpha02] AndroidManifest.xml:29:9-31:40
244            android:name="androidx.camera.extensions.impl"
244-->[androidx.camera:camera-extensions:1.7.0-alpha02] AndroidManifest.xml:30:13-59
245            android:required="false" />
245-->[androidx.camera:camera-extensions:1.7.0-alpha02] AndroidManifest.xml:31:13-37
246
247        <service
247-->[androidx.camera:camera-camera2:1.7.0-alpha02] AndroidManifest.xml:24:9-33:19
248            android:name="androidx.camera.core.impl.MetadataHolderService"
248-->[androidx.camera:camera-camera2:1.7.0-alpha02] AndroidManifest.xml:25:13-75
249            android:enabled="false"
249-->[androidx.camera:camera-camera2:1.7.0-alpha02] AndroidManifest.xml:26:13-36
250            android:exported="false" >
250-->[androidx.camera:camera-camera2:1.7.0-alpha02] AndroidManifest.xml:27:13-37
251            <meta-data
251-->[androidx.camera:camera-camera2:1.7.0-alpha02] AndroidManifest.xml:30:13-32:89
252                android:name="androidx.camera.core.impl.MetadataHolderService.DEFAULT_CONFIG_PROVIDER"
252-->[androidx.camera:camera-camera2:1.7.0-alpha02] AndroidManifest.xml:31:17-103
253                android:value="androidx.camera.camera2.Camera2Config$DefaultProvider" />
253-->[androidx.camera:camera-camera2:1.7.0-alpha02] AndroidManifest.xml:32:17-86
254        </service> <!-- Needs to be explicitly declared on P+ -->
255        <uses-library
255-->[com.google.android.gms:play-services-maps:19.1.0] AndroidManifest.xml:33:7-86
256            android:name="org.apache.http.legacy"
256-->[com.google.android.gms:play-services-maps:19.1.0] AndroidManifest.xml:33:21-58
257            android:required="false" />
257-->[com.google.android.gms:play-services-maps:19.1.0] AndroidManifest.xml:33:59-83
258
259        <activity
259-->[com.google.android.gms:play-services-base:18.5.0] AndroidManifest.xml:5:9-173
260            android:name="com.google.android.gms.common.api.GoogleApiActivity"
260-->[com.google.android.gms:play-services-base:18.5.0] AndroidManifest.xml:5:19-85
261            android:exported="false"
261-->[com.google.android.gms:play-services-base:18.5.0] AndroidManifest.xml:5:146-170
262            android:theme="@android:style/Theme.Translucent.NoTitleBar" />
262-->[com.google.android.gms:play-services-base:18.5.0] AndroidManifest.xml:5:86-145
263
264        <uses-library
264-->[androidx.window:window:1.5.1] AndroidManifest.xml:23:9-25:40
265            android:name="androidx.window.extensions"
265-->[androidx.window:window:1.5.1] AndroidManifest.xml:24:13-54
266            android:required="false" />
266-->[androidx.window:window:1.5.1] AndroidManifest.xml:25:13-37
267        <uses-library
267-->[androidx.window:window:1.5.1] AndroidManifest.xml:26:9-28:40
268            android:name="androidx.window.sidecar"
268-->[androidx.window:window:1.5.1] AndroidManifest.xml:27:13-51
269            android:required="false" />
269-->[androidx.window:window:1.5.1] AndroidManifest.xml:28:13-37
270
271        <service
271-->[androidx.room:room-runtime:2.5.0] AndroidManifest.xml:24:9-28:63
272            android:name="androidx.room.MultiInstanceInvalidationService"
272-->[androidx.room:room-runtime:2.5.0] AndroidManifest.xml:25:13-74
273            android:directBootAware="true"
273-->[androidx.room:room-runtime:2.5.0] AndroidManifest.xml:26:13-43
274            android:exported="false" />
274-->[androidx.room:room-runtime:2.5.0] AndroidManifest.xml:27:13-37
275
276        <receiver
276-->[androidx.profileinstaller:profileinstaller:1.3.1] AndroidManifest.xml:34:9-52:20
277            android:name="androidx.profileinstaller.ProfileInstallReceiver"
277-->[androidx.profileinstaller:profileinstaller:1.3.1] AndroidManifest.xml:35:13-76
278            android:directBootAware="false"
278-->[androidx.profileinstaller:profileinstaller:1.3.1] AndroidManifest.xml:36:13-44
279            android:enabled="true"
279-->[androidx.profileinstaller:profileinstaller:1.3.1] AndroidManifest.xml:37:13-35
280            android:exported="true"
280-->[androidx.profileinstaller:profileinstaller:1.3.1] AndroidManifest.xml:38:13-36
281            android:permission="android.permission.DUMP" >
281-->[androidx.profileinstaller:profileinstaller:1.3.1] AndroidManifest.xml:39:13-57